# JRE version: Java(TM) SE Runtime Environment (18.0.2+9) (build 18.0.2+9-61)
# Java VM: Java HotSpot(TM) 64-Bit Server VM (18.0.2+9-61, mixed mode, sharing, tiered, compressed oops, compressed class ptrs, g1 gc, windows-amd64)
GC Precious Log:
 CardTable entry size: 512
 Card Set container configuration: InlinePtr #cards 4 size 8 Array Of Cards #cards 16 size 48 Howl #buckets 8 coarsen threshold 3686 Howl Bitmap #cards 512 size 80 coarsen threshold 460 Card regions per heap region 1 cards per card region 4096
 CPUs: 12 total, 12 available
 Memory: 16173M
 Large Page Support: Disabled
 NUMA Support: Disabled
 Compressed Oops: Enabled (Zero based)
 Heap Region Size: 2M
 Heap Min Capacity: 8M
 Heap Initial Capacity: 254M
 Heap Max Capacity: 4044M
 Pre-touch: Disabled
 Parallel Workers: 10
 Concurrent Workers: 3
 Concurrent Refinement Workers: 10
 Periodic GC: Disabled
Heap:
 garbage-first heap   total 69632K, used 25609K [0x0000000703400000, 0x0000000800000000)
  region size 2048K, 5 young (10240K), 2 survivors (4096K)
 Metaspace       used 44533K, committed 44992K, reserved 1114112K
  class space    used 4942K, committed 5184K, reserved 1048576K
GC Heap History (20 events):
Event: 2.761 GC heap before
{Heap before GC invocations=8 (full 0):
 garbage-first heap   total 63488K, used 44225K [0x0000000703400000, 0x0000000800000000)
  region size 2048K, 15 young (30720K), 2 survivors (4096K)
 Metaspace       used 34829K, committed 35264K, reserved 1114112K
  class space    used 3926K, committed 4160K, reserved 1048576K
}
Event: 2.763 GC heap after
{Heap after GC invocations=9 (full 0):
 garbage-first heap   total 63488K, used 19336K [0x0000000703400000, 0x0000000800000000)
  region size 2048K, 2 young (4096K), 2 survivors (4096K)
 Metaspace       used 34829K, committed 35264K, reserved 1114112K
  class space    used 3926K, committed 4160K, reserved 1048576K
}
Event: 2.869 GC heap before
{Heap before GC invocations=9 (full 0):
 garbage-first heap   total 63488K, used 27528K [0x0000000703400000, 0x0000000800000000)
  region size 2048K, 7 young (14336K), 2 survivors (4096K)
 Metaspace       used 35761K, committed 36160K, reserved 1114112K
  class space    used 4001K, committed 4224K, reserved 1048576K
}
Event: 2.871 GC heap after
{Heap after GC invocations=10 (full 0):
 garbage-first heap   total 161792K, used 20263K [0x0000000703400000, 0x0000000800000000)
  region size 2048K, 2 young (4096K), 2 survivors (4096K)
 Metaspace       used 35761K, committed 36160K, reserved 1114112K
  class space    used 4001K, committed 4224K, reserved 1048576K
}
Event: 3.230 GC heap before
{Heap before GC invocations=11 (full 0):
 garbage-first heap   total 81920K, used 65319K [0x0000000703400000, 0x0000000800000000)
  region size 2048K, 24 young (49152K), 2 survivors (4096K)
 Metaspace       used 38408K, committed 38784K, reserved 1114112K
  class space    used 4357K, committed 4544K, reserved 1048576K
}
Event: 3.232 GC heap after
{Heap after GC invocations=12 (full 0):
 garbage-first heap   total 81920K, used 22807K [0x0000000703400000, 0x0000000800000000)
  region size 2048K, 3 young (6144K), 3 survivors (6144K)
 Metaspace       used 38408K, committed 38784K, reserved 1114112K
  class space    used 4357K, committed 4544K, reserved 1048576K
}
Event: 66.803 GC heap before
{Heap before GC invocations=12 (full 0):
 garbage-first heap   total 81920K, used 61719K [0x0000000703400000, 0x0000000800000000)
  region size 2048K, 22 young (45056K), 3 survivors (6144K)
 Metaspace       used 42825K, committed 43264K, reserved 1114112K
  class space    used 4887K, committed 5120K, reserved 1048576K
}
Event: 66.806 GC heap after
{Heap after GC invocations=13 (full 0):
 garbage-first heap   total 81920K, used 23797K [0x0000000703400000, 0x0000000800000000)
  region size 2048K, 2 young (4096K), 2 survivors (4096K)
 Metaspace       used 42825K, committed 43264K, reserved 1114112K
  class space    used 4887K, committed 5120K, reserved 1048576K
}
Event: 253.106 GC heap before
{Heap before GC invocations=13 (full 0):
 garbage-first heap   total 81920K, used 34037K [0x0000000703400000, 0x0000000800000000)
  region size 2048K, 8 young (16384K), 2 survivors (4096K)
 Metaspace       used 43140K, committed 43584K, reserved 1114112K
  class space    used 4914K, committed 5120K, reserved 1048576K
}
Event: 253.128 GC heap after
{Heap after GC invocations=14 (full 1):
 garbage-first heap   total 81920K, used 18850K [0x0000000703400000, 0x0000000800000000)
  region size 2048K, 0 young (0K), 0 survivors (0K)
 Metaspace       used 43140K, committed 43584K, reserved 1114112K
  class space    used 4914K, committed 5120K, reserved 1048576K
}
Event: 253.650 GC heap before
{Heap before GC invocations=14 (full 1):
 garbage-first heap   total 81920K, used 57762K [0x0000000703400000, 0x0000000800000000)
  region size 2048K, 19 young (38912K), 0 survivors (0K)
 Metaspace       used 43449K, committed 43840K, reserved 1114112K
  class space    used 4922K, committed 5120K, reserved 1048576K
}
Event: 253.652 GC heap after
{Heap after GC invocations=15 (full 1):
 garbage-first heap   total 81920K, used 22039K [0x0000000703400000, 0x0000000800000000)
  region size 2048K, 2 young (4096K), 2 survivors (4096K)
 Metaspace       used 43449K, committed 43840K, reserved 1114112K
  class space    used 4922K, committed 5120K, reserved 1048576K
}
Event: 270.442 GC heap before
{Heap before GC invocations=15 (full 1):
 garbage-first heap   total 81920K, used 44567K [0x0000000703400000, 0x0000000800000000)
  region size 2048K, 14 young (28672K), 2 survivors (4096K)
 Metaspace       used 43810K, committed 44224K, reserved 1114112K
  class space    used 4924K, committed 5120K, reserved 1048576K
}
Event: 270.468 GC heap after
{Heap after GC invocations=16 (full 2):
 garbage-first heap   total 75776K, used 18756K [0x0000000703400000, 0x0000000800000000)
  region size 2048K, 0 young (0K), 0 survivors (0K)
 Metaspace       used 43807K, committed 44224K, reserved 1114112K
  class space    used 4924K, committed 5120K, reserved 1048576K
}
Event: 270.802 GC heap before
{Heap before GC invocations=16 (full 2):
 garbage-first heap   total 75776K, used 55620K [0x0000000703400000, 0x0000000800000000)
  region size 2048K, 18 young (36864K), 0 survivors (0K)
 Metaspace       used 44019K, committed 44416K, reserved 1114112K
  class space    used 4931K, committed 5120K, reserved 1048576K
}
Event: 270.804 GC heap after
{Heap after GC invocations=17 (full 2):
 garbage-first heap   total 75776K, used 21722K [0x0000000703400000, 0x0000000800000000)
  region size 2048K, 2 young (4096K), 2 survivors (4096K)
 Metaspace       used 44019K, committed 44416K, reserved 1114112K
  class space    used 4931K, committed 5120K, reserved 1048576K
}
Event: 300.778 GC heap before
{Heap before GC invocations=17 (full 2):
 garbage-first heap   total 75776K, used 46298K [0x0000000703400000, 0x0000000800000000)
  region size 2048K, 15 young (30720K), 2 survivors (4096K)
 Metaspace       used 44296K, committed 44736K, reserved 1114112K
  class space    used 4934K, committed 5120K, reserved 1048576K
}
Event: 300.808 GC heap after
{Heap after GC invocations=18 (full 3):
 garbage-first heap   total 69632K, used 18927K [0x0000000703400000, 0x0000000800000000)
  region size 2048K, 0 young (0K), 0 survivors (0K)
 Metaspace       used 44293K, committed 44736K, reserved 1114112K
  class space    used 4933K, committed 5120K, reserved 1048576K
}
Event: 301.078 GC heap before
{Heap before GC invocations=18 (full 3):
 garbage-first heap   total 69632K, used 49647K [0x0000000703400000, 0x0000000800000000)
  region size 2048K, 16 young (32768K), 0 survivors (0K)
 Metaspace       used 44491K, committed 44992K, reserved 1114112K
  class space    used 4941K, committed 5184K, reserved 1048576K
}
Event: 301.080 GC heap after
{Heap after GC invocations=19 (full 3):
 garbage-first heap   total 69632K, used 21513K [0x0000000703400000, 0x0000000800000000)
  region size 2048K, 2 young (4096K), 2 survivors (4096K)
 Metaspace       used 44491K, committed 44992K, reserved 1114112K
  class space    used 4941K, committed 5184K, reserved 1048576K
}

